<?xml version="1.0" encoding="utf-8"?><testsuites><testsuite name="pytest" errors="0" failures="0" skipped="0" tests="0" time="1.017" timestamp="2025-10-17T14:52:59.112406" hostname="happy" /></testsuites>