<?xml version="1.0" encoding="utf-8"?><testsuites><testsuite name="pytest" errors="0" failures="0" skipped="1" tests="77" time="14.287" timestamp="2025-10-17T12:32:56.830895" hostname="happy"><testcase classname="tests.unit.test_auth.TestAuthService" name="test_generate_password_hash" time="0.028" /><testcase classname="tests.unit.test_auth.TestAuthService" name="test_verify_password_correct" time="0.022" /><testcase classname="tests.unit.test_auth.TestAuthService" name="test_verify_password_incorrect" time="0.036" /><testcase classname="tests.unit.test_auth.TestAuthService" name="test_generate_jwt_token" time="0.049" /><testcase classname="tests.unit.test_auth.TestAuthService" name="test_verify_jwt_token_valid" time="0.036" /><testcase classname="tests.unit.test_auth.TestAuthService" name="test_verify_jwt_token_invalid" time="0.044" /><testcase classname="tests.unit.test_auth.TestAuthService" name="test_password_requirements" time="0.029" /><testcase classname="tests.unit.test_auth.TestAuthEndpoints" name="test_register_user_success" time="0.432" /><testcase classname="tests.unit.test_auth.TestAuthEndpoints" name="test_register_user_invalid_email" time="0.068" /><testcase classname="tests.unit.test_auth.TestAuthEndpoints" name="test_register_user_weak_password" time="0.065" /><testcase classname="tests.unit.test_auth.TestAuthEndpoints" name="test_login_success" time="0.078" /><testcase classname="tests.unit.test_auth.TestAuthEndpoints" name="test_login_invalid_credentials" time="0.071" /><testcase classname="tests.unit.test_auth.TestAuthEndpoints" name="test_get_current_user_success" time="0.076" /><testcase classname="tests.unit.test_auth.TestAuthEndpoints" name="test_get_current_user_invalid_token" time="0.068" /><testcase classname="tests.unit.test_auth.TestAuthEndpoints" name="test_refresh_token_success" time="0.069" /><testcase classname="tests.unit.test_auth.TestAuthEndpoints" name="test_logout_success" time="0.080" /><testcase classname="tests.unit.test_auth_comprehensive.TestPasswordSecurity" name="test_password_strength_validation" time="0.029" /><testcase classname="tests.unit.test_auth_comprehensive.TestPasswordSecurity" name="test_password_history_prevention" time="0.030" /><testcase classname="tests.unit.test_auth_comprehensive.TestPasswordSecurity" name="test_bcrypt_hashing" time="0.035" /><testcase classname="tests.unit.test_auth_comprehensive.TestPasswordSecurity" name="test_salt_uniqueness" time="0.033" /><testcase classname="tests.unit.test_auth_comprehensive.TestAuthenticationFlows" name="test_user_registration_success" time="0.112" /><testcase classname="tests.unit.test_auth_comprehensive.TestAuthenticationFlows" name="test_user_registration_duplicate_email" time="0.129" /><testcase classname="tests.unit.test_auth_comprehensive.TestAuthenticationFlows" name="test_user_registration_duplicate_mobile" time="0.085" /><testcase classname="tests.unit.test_auth_comprehensive.TestAuthenticationFlows" name="test_user_registration_weak_password" time="0.081" /><testcase classname="tests.unit.test_auth_comprehensive.TestAuthenticationFlows" name="test_user_login_success" time="0.068" /><testcase classname="tests.unit.test_auth_comprehensive.TestAuthenticationFlows" name="test_user_login_with_mobile" time="0.063" /><testcase classname="tests.unit.test_auth_comprehensive.TestAuthenticationFlows" name="test_user_login_wrong_password" time="0.063" /><testcase classname="tests.unit.test_auth_comprehensive.TestAuthenticationFlows" name="test_user_login_nonexistent_user" time="0.062" /><testcase classname="tests.unit.test_auth_comprehensive.TestAuthenticationFlows" name="test_token_refresh_success" time="0.089" /><testcase classname="tests.unit.test_auth_comprehensive.TestAuthenticationFlows" name="test_token_refresh_invalid_token" time="0.054" /><testcase classname="tests.unit.test_auth_comprehensive.TestAuthenticationFlows" name="test_me_endpoint_authenticated" time="0.058" /><testcase classname="tests.unit.test_auth_comprehensive.TestAuthenticationFlows" name="test_me_endpoint_unauthenticated" time="0.337" /><testcase classname="tests.unit.test_auth_comprehensive.TestAuthenticationFlows" name="test_logout_success" time="0.062" /><testcase classname="tests.unit.test_auth_comprehensive.TestAuthenticationFlows" name="test_csrf_token_generation" time="0.047" /><testcase classname="tests.unit.test_auth_comprehensive.TestSecurityFeatures" name="test_rate_limiting_login_attempts" time="0.328" /><testcase classname="tests.unit.test_auth_comprehensive.TestSecurityFeatures" name="test_account_lockout_after_failed_attempts" time="0.231" /><testcase classname="tests.unit.test_auth_comprehensive.TestSecurityFeatures" name="test_input_validation_malicious_input" time="0.139" /><testcase classname="tests.unit.test_auth_comprehensive.TestSecurityFeatures" name="test_jwt_token_expiration" time="0.092" /><testcase classname="tests.unit.test_auth_comprehensive.TestSecurityFeatures" name="test_jwt_token_tampering" time="0.066" /><testcase classname="tests.unit.test_auth_comprehensive.TestSecurityFeatures" name="test_password_reset_flow" time="0.061" /><testcase classname="tests.unit.test_auth_comprehensive.TestSecurityFeatures" name="test_email_verification_flow" time="0.091" /><testcase classname="tests.unit.test_auth_comprehensive.TestErrorHandling" name="test_database_connection_error" time="0.053" /><testcase classname="tests.unit.test_auth_comprehensive.TestErrorHandling" name="test_validation_error_format" time="0.053" /><testcase classname="tests.unit.test_auth_comprehensive.TestErrorHandling" name="test_custom_error_responses" time="0.058" /><testcase classname="tests.unit.test_auth_comprehensive.TestAsyncAuthentication" name="test_async_user_creation" time="0.028" /><testcase classname="tests.unit.test_auth_comprehensive.TestAsyncAuthentication" name="test_concurrent_login_attempts" time="0.177" /><testcase classname="tests.unit.test_auth_endpoints_core.TestAuthCoreEndpoints" name="test_login_wrong_password" time="0.066" /><testcase classname="tests.unit.test_auth_endpoints_core.TestAuthCoreEndpoints" name="test_refresh_requires_valid_token" time="0.065" /><testcase classname="tests.unit.test_auth_security.TestAuthSecurity" name="test_password_strength_validation" time="0.022" /><testcase classname="tests.unit.test_auth_security.TestAuthSecurity" name="test_password_history_prevention" time="0.038" /><testcase classname="tests.unit.test_auth_security.TestAuthSecurity" name="test_jwt_token_security" time="0.025" /><testcase classname="tests.unit.test_auth_security.TestAuthSecurity" name="test_jwt_token_expiration" time="0.035" /><testcase classname="tests.unit.test_auth_security.TestAuthSecurity" name="test_jwt_token_audience_issuer_validation" time="0.000"><skipped type="pytest.skip" message="Audience/issuer strictness is covered in integration/security tests, not unit scope">C:\Intel\CustomerCareGPT\backend\tests\unit\test_auth_security.py:101: Audience/issuer strictness is covered in integration/security tests, not unit scope</skipped></testcase><testcase classname="tests.unit.test_auth_security.TestAuthSecurity" name="test_token_revocation" time="0.023" /><testcase classname="tests.unit.test_auth_security.TestAuthSecurity" name="test_refresh_token_security" time="0.036" /><testcase classname="tests.unit.test_auth_security.TestAuthSecurity" name="test_login_attempt_tracking" time="0.031" /><testcase classname="tests.unit.test_auth_security.TestAuthSecurity" name="test_otp_security" time="0.022" /><testcase classname="tests.unit.test_auth_security.TestCSRFProtection" name="test_csrf_token_generation" time="0.325" /><testcase classname="tests.unit.test_auth_security.TestCSRFProtection" name="test_csrf_token_validation" time="0.015" /><testcase classname="tests.unit.test_auth_security.TestCSRFProtection" name="test_csrf_token_expiration" time="0.026" /><testcase classname="tests.unit.test_auth_security.TestCSRFProtection" name="test_csrf_token_cleanup" time="0.030" /><testcase classname="tests.unit.test_auth_security.TestRateLimiting" name="test_ip_rate_limiting" time="0.029" /><testcase classname="tests.unit.test_auth_security.TestRateLimiting" name="test_user_rate_limiting" time="0.027" /><testcase classname="tests.unit.test_auth_security.TestRateLimiting" name="test_endpoint_rate_limiting" time="0.055" /><testcase classname="tests.unit.test_auth_security.TestWebSocketSecurity" name="test_jwt_websocket_authentication" time="0.037" /><testcase classname="tests.unit.test_auth_security.TestWebSocketSecurity" name="test_api_key_websocket_authentication" time="0.021" /><testcase classname="tests.unit.test_auth_security.TestWebSocketSecurity" name="test_connection_limits" time="0.032" /><testcase classname="tests.unit.test_auth_security.TestWebSocketSecurity" name="test_connection_cleanup" time="0.027" /><testcase classname="tests.unit.test_auth_security.TestSecurityHeaders" name="test_security_headers_middleware" time="0.036" /><testcase classname="tests.unit.test_auth_security.TestInputValidation" name="test_sql_injection_prevention" time="0.049" /><testcase classname="tests.unit.test_auth_security.TestInputValidation" name="test_xss_prevention" time="0.030" /><testcase classname="tests.unit.test_csrf_middleware_api" name="test_post_with_bearer_auth_is_allowed" time="0.031" /><testcase classname="tests.unit.test_document_processing_comprehensive.TestDocumentUpload" name="test_upload_without_authentication" time="0.054" /><testcase classname="tests.unit.test_models_validation.TestAuthSchemas" name="test_token_schema" time="0.024" /><testcase classname="tests.unit.test_models_validation.TestAuthSchemas" name="test_register_request_schema" time="0.026" /><testcase classname="tests.unit.test_models_validation.TestAuthSchemas" name="test_register_request_email_validation" time="0.025" /><testcase classname="tests.unit.test_rag_system_comprehensive.TestRAGSecurity" name="test_rag_query_unauthorized_access" time="0.067" /></testsuite></testsuites>